<?xml version="1.0" encoding="UTF-8"?>
<testng-results ignored="0" total="1" passed="1" failed="0" skipped="0">
  <reporter-output>
  </reporter-output>
  <suite started-at="2023-04-19T23:37:20 ICT" name="Default suite" finished-at="2023-04-19T23:37:34 ICT" duration-ms="14113">
    <groups>
    </groups>
    <test started-at="2023-04-19T23:37:20 ICT" name="Default test" finished-at="2023-04-19T23:37:34 ICT" duration-ms="14113">
      <class name="lab6.exercise">
        <test-method is-config="true" signature="start()[pri:0, instance:lab6.exercise@a2431d0]" started-at="2023-04-19T23:37:20 ICT" name="start" finished-at="2023-04-19T23:37:28 ICT" duration-ms="7654" status="PASS">
          <reporter-output>
          </reporter-output>
        </test-method> <!-- start -->
        <test-method signature="TC_001()[pri:0, instance:lab6.exercise@a2431d0]" started-at="2023-04-19T23:37:28 ICT" name="TC_001" finished-at="2023-04-19T23:37:34 ICT" duration-ms="6075" status="PASS">
          <reporter-output>
          </reporter-output>
        </test-method> <!-- TC_001 -->
        <test-method is-config="true" signature="close()[pri:0, instance:lab6.exercise@a2431d0]" started-at="2023-04-19T23:37:34 ICT" name="close" finished-at="2023-04-19T23:37:34 ICT" duration-ms="345" status="PASS">
          <reporter-output>
          </reporter-output>
        </test-method> <!-- close -->
      </class> <!-- lab6.exercise -->
    </test> <!-- Default test -->
  </suite> <!-- Default suite -->
</testng-results>
